Removed Pin From Net: NetName=+3.3V Pin=J2-1
Removed Pin From Net: NetName=+3.3V Pin=J2-2
Removed Pin From Net: NetName=+3.3V Pin=J2-3
Removed Pin From Net: NetName=GND Pin=J2-5
Removed Pin From Net: NetName=MIPI_CSI_I2C_SDA Pin=J2-6
Removed Pin From Net: NetName=MIPI_CSI_I2C_SCL Pin=J2-7
Removed Pin From Net: NetName=GND Pin=J2-8
Removed Pin From Net: NetName=MIPI_CSI_D0_N Pin=J2-9
Removed Pin From Net: NetName=MIPI_CSI_D0_P Pin=J2-10
Removed Pin From Net: NetName=GND Pin=J2-11
Removed Pin From Net: NetName=MIPI_CSI_CLK0_DN Pin=J2-12
Removed Pin From Net: NetName=MIPI_CSI_CLK0_DP Pin=J2-13
Removed Pin From Net: NetName=GND Pin=J2-14
Removed Pin From Net: NetName=MIPI_CSI_D1_N Pin=J2-15
Removed Pin From Net: NetName=MIPI_CSI_D1_P Pin=J2-16
Removed Pin From Net: NetName=GND Pin=J2-17
Removed Pin From Net: NetName=DVP_D0 Pin=J2-18
Removed Pin From Net: NetName=DVP_D1 Pin=J2-19
Removed Pin From Net: NetName=GND Pin=J2-20
Removed Pin From Net: NetName=MIPI_CSI_D2_N Pin=J2-21
Removed Pin From Net: NetName=MIPI_CSI_D2_P Pin=J2-22
Removed Pin From Net: NetName=GND Pin=J2-23
Removed Pin From Net: NetName=MIPI_CSI_CLK1_DN Pin=J2-24
Removed Pin From Net: NetName=MIPI_CSI_CLK1_DP Pin=J2-25
Removed Pin From Net: NetName=GND Pin=J2-26
Removed Pin From Net: NetName=MIPI_CSI_D3_N Pin=J2-27
Removed Pin From Net: NetName=MIPI_CSI_D3_P Pin=J2-28
Removed Pin From Net: NetName=GND Pin=J2-29
Removed Pin From Net: NetName=TDN_OUT1 Pin=J2-30
Removed Pin From Net: NetName=TDN_OUT2 Pin=J2-31
Removed Pin From Net: NetName=GND Pin=J2-32
Removed Pin From Net: NetName=DRIVE_WS2812_3V3 Pin=J2-33
Added Pin To Net: NetName=DRIVE_WS2812_3V3 Pin=J2-2
Added Pin To Net: NetName=GND Pin=J2-3
Added Pin To Net: NetName=TDN_OUT2 Pin=J2-4
Added Pin To Net: NetName=TDN_OUT1 Pin=J2-5
Added Pin To Net: NetName=GND Pin=J2-6
Added Pin To Net: NetName=MIPI_CSI_D3_P Pin=J2-7
Added Pin To Net: NetName=MIPI_CSI_D3_N Pin=J2-8
Added Pin To Net: NetName=GND Pin=J2-9
Added Pin To Net: NetName=MIPI_CSI_CLK1_DP Pin=J2-10
Added Pin To Net: NetName=MIPI_CSI_CLK1_DN Pin=J2-11
Added Pin To Net: NetName=GND Pin=J2-12
Added Pin To Net: NetName=MIPI_CSI_D2_P Pin=J2-13
Added Pin To Net: NetName=MIPI_CSI_D2_N Pin=J2-14
Added Pin To Net: NetName=GND Pin=J2-15
Added Pin To Net: NetName=DVP_D1 Pin=J2-16
Added Pin To Net: NetName=DVP_D0 Pin=J2-17
Added Pin To Net: NetName=GND Pin=J2-18
Added Pin To Net: NetName=MIPI_CSI_D1_P Pin=J2-19
Added Pin To Net: NetName=MIPI_CSI_D1_N Pin=J2-20
Added Pin To Net: NetName=GND Pin=J2-21
Added Pin To Net: NetName=MIPI_CSI_CLK0_DP Pin=J2-22
Added Pin To Net: NetName=MIPI_CSI_CLK0_DN Pin=J2-23
Added Pin To Net: NetName=GND Pin=J2-24
Added Pin To Net: NetName=MIPI_CSI_D0_P Pin=J2-25
Added Pin To Net: NetName=MIPI_CSI_D0_N Pin=J2-26
Added Pin To Net: NetName=GND Pin=J2-27
Added Pin To Net: NetName=MIPI_CSI_I2C_SCL Pin=J2-28
Added Pin To Net: NetName=MIPI_CSI_I2C_SDA Pin=J2-29
Added Pin To Net: NetName=GND Pin=J2-30
Added Pin To Net: NetName=+3.3V Pin=J2-32
Added Pin To Net: NetName=+3.3V Pin=J2-33
Added Pin To Net: NetName=+3.3V Pin=J2-34
