Removed Pin From Net: NetName=GND Pin=BAT1-2
Removed Pin From Net: NetName=GND Pin=BC1-2
Removed Pin From Net: NetName=GND Pin=BC2-1
Removed Pin From Net: NetName=GND Pin=BC3-1
Removed Pin From Net: NetName=GND Pin=BC5-2
Removed Pin From Net: NetName=GND Pin=BC7-2
Removed Pin From Net: NetName=GND Pin=BC8-2
Removed Pin From Net: NetName=GND Pin=BC9-2
Removed Pin From Net: NetName=GND Pin=BC10-2
Removed Pin From Net: NetName=GND Pin=BC11-2
Removed Pin From Net: NetName=GND Pin=BC12-2
Removed Pin From Net: NetName=GND Pin=BC13-2
Removed Pin From Net: NetName=GND Pin=BC14-2
Removed Pin From Net: NetName=GND Pin=BC15-2
Removed Pin From Net: NetName=GND Pin=BC16-2
Removed Pin From Net: NetName=GND Pin=BC17-2
Removed Pin From Net: NetName=GND Pin=BC18-1
Removed Pin From Net: NetName=1V8 Pin=BC18-2
Removed Pin From Net: NetName=2V8 Pin=BC19-1
Removed Pin From Net: NetName=GND Pin=BC19-2
Removed Pin From Net: NetName=GND Pin=BC20-1
Removed Pin From Net: NetName=2V8 Pin=BC20-2
Removed Pin From Net: NetName=GND Pin=BC21-1
Removed Pin From Net: NetName=GND Pin=BC24-1
Removed Pin From Net: NetName=1V8 Pin=BC24-2
Removed Pin From Net: NetName=GND Pin=BC25-1
Removed Pin From Net: NetName=1V2 Pin=BC25-2
Removed Pin From Net: NetName=GND Pin=BC26-1
Removed Pin From Net: NetName=GND Pin=BC27-1
Removed Pin From Net: NetName=GND Pin=BC28-1
Removed Pin From Net: NetName=GND Pin=BC29-1
Removed Pin From Net: NetName=GND Pin=C2-2
Removed Pin From Net: NetName=GND Pin=C4-2
Removed Pin From Net: NetName=GND Pin=C5-2
Removed Pin From Net: NetName=GND Pin=C7-2
Removed Pin From Net: NetName=GND Pin=C8-2
Removed Pin From Net: NetName=GND Pin=C9-2
Removed Pin From Net: NetName=GND Pin=C11-2
Removed Pin From Net: NetName=GND Pin=C17-1
Removed Pin From Net: NetName=GND Pin=C18-1
Removed Pin From Net: NetName=GND Pin=C19-2
Removed Pin From Net: NetName=GND Pin=C20-2
Removed Pin From Net: NetName=GND Pin=C21-2
Removed Pin From Net: NetName=GND Pin=C22-2
Removed Pin From Net: NetName=GND Pin=C23-1
Removed Pin From Net: NetName=1V8 Pin=C23-2
Removed Pin From Net: NetName=GND Pin=C24-1
Removed Pin From Net: NetName=1V2 Pin=C24-2
Removed Pin From Net: NetName=GND Pin=C25-1
Removed Pin From Net: NetName=2V8 Pin=C25-2
Removed Pin From Net: NetName=N21823039 Pin=C26-1
Removed Pin From Net: NetName=GND Pin=C26-2
Removed Pin From Net: NetName=GND Pin=C27-1
Removed Pin From Net: NetName=GND Pin=C31-1
Removed Pin From Net: NetName=GND Pin=C32-2
Removed Pin From Net: NetName=IR_ANODE Pin=C33-1
Removed Pin From Net: NetName=GND Pin=C33-2
Removed Pin From Net: NetName=GND Pin=C34-1
Removed Pin From Net: NetName=GND Pin=C35-2
Removed Pin From Net: NetName=GND Pin=C36-2
Removed Pin From Net: NetName=GND Pin=C38-2
Removed Pin From Net: NetName=GND Pin=C39-2
Removed Pin From Net: NetName=GND Pin=C40-2
Removed Pin From Net: NetName=GND Pin=C41-2
Removed Pin From Net: NetName=GND Pin=C42-2
Removed Pin From Net: NetName=GND Pin=D3-1
Removed Pin From Net: NetName=IR_ANODE Pin=D4-2
Removed Pin From Net: NetName=DVDD33 Pin=FB1-2
Removed Pin From Net: NetName=1V8 Pin=FB8-1
Removed Pin From Net: NetName=N21846940 Pin=FB12-1
Removed Pin From Net: NetName=2V8 Pin=FB12-2
Removed Pin From Net: NetName=GND Pin=J1-2
Removed Pin From Net: NetName=GND Pin=J1-13
Removed Pin From Net: NetName=GND Pin=J1-16
Removed Pin From Net: NetName=GND Pin=J1-17
Removed Pin From Net: NetName=GND Pin=J1-23
Removed Pin From Net: NetName=GND Pin=J1-33
Removed Pin From Net: NetName=GND Pin=J1-42
Removed Pin From Net: NetName=GND Pin=J1-47
Removed Pin From Net: NetName=GND Pin=J1-49
Removed Pin From Net: NetName=GND Pin=J1-51
Removed Pin From Net: NetName=GND Pin=J1-53
Removed Pin From Net: NetName=GND Pin=J1-63
Removed Pin From Net: NetName=GND Pin=J1-65
Removed Pin From Net: NetName=GND Pin=J1-67
Removed Pin From Net: NetName=GND Pin=J1-69
Removed Pin From Net: NetName=GND Pin=J1-71
Removed Pin From Net: NetName=GND Pin=J1-73
Removed Pin From Net: NetName=DVP_D0 Pin=J1-91
Removed Pin From Net: NetName=DVP_D1 Pin=J1-94
Removed Pin From Net: NetName=GND Pin=J2-8
Removed Pin From Net: NetName=GND Pin=J2-10
Removed Pin From Net: NetName=DRIVE_WS2812_3V3 Pin=J2-13
Removed Pin From Net: NetName=MIPI_CSI_I2C_SDA Pin=J2-15
Removed Pin From Net: NetName=MIPI_CSI_I2C_SCL Pin=J2-17
Removed Pin From Net: NetName=GND Pin=J2-20
Removed Pin From Net: NetName=GND Pin=J2-34
Removed Pin From Net: NetName=GND Pin=J2-44
Removed Pin From Net: NetName=GND Pin=J2-46
Removed Pin From Net: NetName=GND Pin=J2-56
Removed Pin From Net: NetName=GND Pin=J2-64
Removed Pin From Net: NetName=MIPI_CSI_D0_P Pin=J2-66
Removed Pin From Net: NetName=MIPI_CSI_D0_N Pin=J2-68
Removed Pin From Net: NetName=GND Pin=J2-69
Removed Pin From Net: NetName=GND Pin=J2-70
Removed Pin From Net: NetName=MIPI_CSI_CLK0_DP Pin=J2-72
Removed Pin From Net: NetName=MIPI_CSI_CLK0_DN Pin=J2-74
Removed Pin From Net: NetName=GND Pin=J2-75
Removed Pin From Net: NetName=GND Pin=J2-76
Removed Pin From Net: NetName=MIPI_CSI_D1_P Pin=J2-78
Removed Pin From Net: NetName=MIPI_CSI_D1_N Pin=J2-80
Removed Pin From Net: NetName=GND Pin=J2-81
Removed Pin From Net: NetName=GND Pin=J2-82
Removed Pin From Net: NetName=MIPI_CSI_D2_N Pin=J2-84
Removed Pin From Net: NetName=MIPI_CSI_D2_P Pin=J2-86
Removed Pin From Net: NetName=GND Pin=J2-87
Removed Pin From Net: NetName=GND Pin=J2-88
Removed Pin From Net: NetName=MIPI_CSI_CLK1_DN Pin=J2-90
Removed Pin From Net: NetName=MIPI_CSI_CLK1_DP Pin=J2-92
Removed Pin From Net: NetName=GND Pin=J2-93
Removed Pin From Net: NetName=GND Pin=J2-94
Removed Pin From Net: NetName=MIPI_CSI_D3_N Pin=J2-96
Removed Pin From Net: NetName=MIPI_CSI_D3_P Pin=J2-98
Removed Pin From Net: NetName=GND Pin=J2-99
Removed Pin From Net: NetName=GND Pin=J2-100
Removed Pin From Net: NetName=GND Pin=J3-2
Removed Pin From Net: NetName=GND Pin=J3-9
Removed Pin From Net: NetName=GND Pin=J3-10
Removed Pin From Net: NetName=GND Pin=J4-1
Removed Pin From Net: NetName=GND Pin=J5-4
Removed Pin From Net: NetName=GND Pin=J5-5
Removed Pin From Net: NetName=GND Pin=J5-6
Removed Pin From Net: NetName=GND Pin=J6-2
Removed Pin From Net: NetName=GND Pin=J7-1
Removed Pin From Net: NetName=GND Pin=J7-2
Removed Pin From Net: NetName=GND Pin=J10-6
Removed Pin From Net: NetName=GND Pin=J10-9
Removed Pin From Net: NetName=GND Pin=J10-10
Removed Pin From Net: NetName=GND Pin=J10-11
Removed Pin From Net: NetName=GND Pin=J10-12
Removed Pin From Net: NetName=GND Pin=MH1-1
Removed Pin From Net: NetName=GND Pin=MH2-1
Removed Pin From Net: NetName=GND Pin=MH3-1
Removed Pin From Net: NetName=GND Pin=MH4-1
Removed Pin From Net: NetName=GND Pin=OSC1-2
Removed Pin From Net: NetName=GND Pin=Q1-2
Removed Pin From Net: NetName=GND Pin=Q2-2
Removed Pin From Net: NetName=GND Pin=R15-1
Removed Pin From Net: NetName=GND Pin=R16-1
Removed Pin From Net: NetName=GND Pin=R17-1
Removed Pin From Net: NetName=2V8 Pin=R18-1
Removed Pin From Net: NetName=N21847187 Pin=R18-2
Removed Pin From Net: NetName=N21847468 Pin=R19-1
Removed Pin From Net: NetName=GND Pin=R19-2
Removed Pin From Net: NetName=N21847471 Pin=R20-1
Removed Pin From Net: NetName=GND Pin=R20-2
Removed Pin From Net: NetName=N21847474 Pin=R21-1
Removed Pin From Net: NetName=GND Pin=R21-2
Removed Pin From Net: NetName=GND Pin=R29-1
Removed Pin From Net: NetName=GND Pin=R31-1
Removed Pin From Net: NetName=GND Pin=R32-1
Removed Pin From Net: NetName=GND Pin=R34-1
Removed Pin From Net: NetName=GND Pin=R36-1
Removed Pin From Net: NetName=GND Pin=R38-1
Removed Pin From Net: NetName=DVDD33 Pin=R48-1
Removed Pin From Net: NetName=DVDD33 Pin=R50-2
Removed Pin From Net: NetName=1V8 Pin=R53-1
Removed Pin From Net: NetName=MIPI_CSI_I2C_SDA Pin=R53-2
Removed Pin From Net: NetName=1V8 Pin=R54-1
Removed Pin From Net: NetName=MIPI_CSI_I2C_SCL Pin=R54-2
Removed Pin From Net: NetName=N21776461 Pin=R55-1
Removed Pin From Net: NetName=MCLK Pin=R55-2
Removed Pin From Net: NetName=N21823039 Pin=R56-1
Removed Pin From Net: NetName=1V8 Pin=R56-2
Removed Pin From Net: NetName=GND Pin=R61-1
Removed Pin From Net: NetName=DRIVE_WS2812_3V3 Pin=R66-1
Removed Pin From Net: NetName=DRIVE_WS2812_3V3 Pin=R67-2
Removed Pin From Net: NetName=IR_CATHODE Pin=R68-1
Removed Pin From Net: NetName=GND Pin=R68-2
Removed Pin From Net: NetName=MIPI_CSI_I2C_SCL Pin=R77-1
Removed Pin From Net: NetName=DVP_D0 Pin=R77-2
Removed Pin From Net: NetName=MIPI_CSI_I2C_SDA Pin=R78-1
Removed Pin From Net: NetName=DVP_D1 Pin=R78-2
Removed Pin From Net: NetName=GND Pin=SW1-2
Removed Pin From Net: NetName=GND Pin=TVS1-2
Removed Pin From Net: NetName=GND Pin=TVS2-2
Removed Pin From Net: NetName=GND Pin=U1-2
Removed Pin From Net: NetName=DVDD33 Pin=U4-30
Removed Pin From Net: NetName=DVDD33 Pin=U4-31
Removed Pin From Net: NetName=GND Pin=U4-M1
Removed Pin From Net: NetName=GND Pin=U8-2
Removed Pin From Net: NetName=2V8 Pin=U8-5
Removed Pin From Net: NetName=GND Pin=U11-2
Removed Pin From Net: NetName=1V2 Pin=U11-5
Removed Pin From Net: NetName=GND Pin=U12-4
Removed Pin From Net: NetName=IR_CATHODE Pin=U12-6
Removed Pin From Net: NetName=GND Pin=U13-4
Removed Pin From Net: NetName=GND Pin=U16-4
Removed Pin From Net: NetName=GND Pin=U17-1
Removed Pin From Net: NetName=1V8 Pin=U17-2
Removed Pin From Net: NetName=GND Pin=U17-3
Removed Pin From Net: NetName=1V2 Pin=U17-4
Removed Pin From Net: NetName=MIPI_CSI_D0_N Pin=U17-5
Removed Pin From Net: NetName=MIPI_CSI_D0_P Pin=U17-6
Removed Pin From Net: NetName=GND Pin=U17-7
Removed Pin From Net: NetName=MIPI_CSI_D1_N Pin=U17-8
Removed Pin From Net: NetName=MIPI_CSI_D1_P Pin=U17-9
Removed Pin From Net: NetName=GND Pin=U17-10
Removed Pin From Net: NetName=MIPI_CSI_CLK0_DN Pin=U17-11
Removed Pin From Net: NetName=MIPI_CSI_CLK0_DP Pin=U17-12
Removed Pin From Net: NetName=GND Pin=U17-15
Removed Pin From Net: NetName=GND Pin=U17-18
Removed Pin From Net: NetName=GND Pin=U17-19
Removed Pin From Net: NetName=N21846940 Pin=U17-20
Removed Pin From Net: NetName=MIPI_CSI_I2C_SDA Pin=U17-21
Removed Pin From Net: NetName=MIPI_CSI_I2C_SCL Pin=U17-22
Removed Pin From Net: NetName=N21847474 Pin=U17-23
Removed Pin From Net: NetName=N21847187 Pin=U17-24
Removed Pin From Net: NetName=GND Pin=U17-25
Removed Pin From Net: NetName=2V8 Pin=U17-26
Removed Pin From Net: NetName=GND Pin=U17-27
Removed Pin From Net: NetName=N21823039 Pin=U17-28
Removed Pin From Net: NetName=N21847471 Pin=U17-29
Removed Pin From Net: NetName=N21847468 Pin=U17-30
Removed Pin From Net: NetName=GND Pin=U17-31
Removed Pin From Net: NetName=MCLK Pin=U17-32
Removed Pin From Net: NetName=GND Pin=U18-2
Removed Pin From Net: NetName=GND Pin=U19-7
Removed Pin From Net: NetName=GND Pin=Y1-2
Removed Pin From Net: NetName=GND Pin=Y1-4
Change Component DesignItemId : Designator=R7 Old DesignItemId=0 New DesignItemId=4.7K
Change Component DesignItemId : Designator=BC2 Old DesignItemId=0.1uF New DesignItemId=1uF
Change Component DesignItemId : Designator=BC5 Old DesignItemId=0.1uF New DesignItemId=1uF
Change Component DesignItemId : Designator=C1 Old DesignItemId=0.1uF New DesignItemId=1uF
Change Component DesignItemId : Designator=C8 Old DesignItemId=0.1uF New DesignItemId=1uF
Change Component DesignItemId : Designator=C9 Old DesignItemId=0.1uF New DesignItemId=1uF
Change Component DesignItemId : Designator=BC1 Old DesignItemId=0.1uF New DesignItemId=22uF
Change Component DesignItemId : Designator=C2 Old DesignItemId=1nF/NI New DesignItemId=4.7uF-25V-3216
Change Component DesignItemId : Designator=BC3 Old DesignItemId=1uF New DesignItemId=0.1uF
Change Component DesignItemId : Designator=R1 Old DesignItemId=2.2K New DesignItemId=45.3K
Change Component DesignItemId : Designator=R2 Old DesignItemId=2.2K New DesignItemId=80.6K
Change Component DesignItemId : Designator=C10 Old DesignItemId=3.3nF New DesignItemId=0.1uF
Change Component DesignItemId : Designator=R8 Old DesignItemId=4.7K New DesignItemId=0
Change Component DesignItemId : Designator=R10 Old DesignItemId=4.7K New DesignItemId=22
Change Component DesignItemId : Designator=R6 Old DesignItemId=10K New DesignItemId=0
Change Component DesignItemId : Designator=R5 Old DesignItemId=10K New DesignItemId=1, 1%
Change Component DesignItemId : Designator=R4 Old DesignItemId=10K New DesignItemId=22
Change Component DesignItemId : Designator=C3 Old DesignItemId=10nF New DesignItemId=220nF
Change Component DesignItemId : Designator=BC6 Old DesignItemId=10uF New DesignItemId=0.1uF
Change Component DesignItemId : Designator=BC7 Old DesignItemId=10uF New DesignItemId=1uF
Change Component DesignItemId : Designator=C6 Old DesignItemId=22pF New DesignItemId=10nF
Change Component DesignItemId : Designator=C7 Old DesignItemId=22uF-6.3V New DesignItemId=1uF
Change Component DesignItemId : Designator=C4 Old DesignItemId=22uF-6.3V New DesignItemId=10nF
Change Component DesignItemId : Designator=C5 Old DesignItemId=22uF-6.3V New DesignItemId=10nF
Change Component DesignItemId : Designator=R15 Old DesignItemId=33.3K, 1% New DesignItemId=10K
Change Component DesignItemId : Designator=R12 Old DesignItemId=45K, 1% New DesignItemId=10K//NI
Change Component DesignItemId : Designator=R11 Old DesignItemId=100K New DesignItemId=10K//NI
Change Component DesignItemId : Designator=R13 Old DesignItemId=150K, 1% New DesignItemId=10K//NI
Change Component DesignItemId : Designator=FB1 Old DesignItemId=220R New DesignItemId=60
Change Component DesignItemId : Designator=FB2 Old DesignItemId=220R New DesignItemId=60
Change Component DesignItemId : Designator=FB3 Old DesignItemId=220R New DesignItemId=60
Change Component DesignItemId : Designator=FB4 Old DesignItemId=220R New DesignItemId=220R//NI
Change Component DesignItemId : Designator=J3 Old DesignItemId=12505WR-08 New DesignItemId=Lens Holder
Change Component DesignItemId : Designator=U1 Old DesignItemId=AME5253-AEVADJ New DesignItemId=DRV8832DGQ
Change Component DesignItemId : Designator=L1 Old DesignItemId=CDRH5D18NP-100NC-10uH New DesignItemId=10uH
Change Component DesignItemId : Designator=J2 Old DesignItemId=LB208-G100P-BOR New DesignItemId=05003HR-H34E
Change Component DesignItemId : Designator=J1 Old DesignItemId=LB222-G100S-BOR New DesignItemId=12505WR-2P
Change Component DesignItemId : Designator=U4 Old DesignItemId=YT8521SH New DesignItemId=SGM2036-1.8YN5G/TR
Change Component Footprint: Designator=J3 Old Footprint=12505WR-8P New Footprint=LENS_HOLDER_C_SQUARE
Change Component Footprint: Designator=J1 Old Footprint=BTB2X50-050-F-SMD New Footprint=12505WR-2P
Change Component Footprint: Designator=L1 Old Footprint=CDRH5D18NP New Footprint=LS-2012
Change Component Footprint: Designator=C2 Old Footprint=CS-1005 New Footprint=C3216
Change Component Footprint: Designator=BC1 Old Footprint=CS-1005 New Footprint=CTS-3216
Change Component Footprint: Designator=BC2 Old Footprint=CS-1608 New Footprint=CS-1005
Change Component Footprint: Designator=BC3 Old Footprint=CS-1608 New Footprint=CS-1005
Change Component Footprint: Designator=BC6 Old Footprint=CS-1608 New Footprint=CS-1005
Change Component Footprint: Designator=BC7 Old Footprint=CS-1608 New Footprint=CS-1005
Change Component Footprint: Designator=C4 Old Footprint=CS-2012 New Footprint=CS-1005
Change Component Footprint: Designator=C5 Old Footprint=CS-2012 New Footprint=CS-1005
Change Component Footprint: Designator=C7 Old Footprint=CS-2012 New Footprint=CS-1005
Change Component Footprint: Designator=U4 Old Footprint=QFN48_6x6 New Footprint=SOT-23-5P
Change Component Footprint: Designator=R5 Old Footprint=RS-1005 New Footprint=RS-1608
Change Component Footprint: Designator=U1 Old Footprint=SOT-23-5P New Footprint=MSOP10-3.0-0.5/PAD
Change Component Footprint: Designator=MH1 Old Footprint=VA-2.2 New Footprint=VAEC-2.2
Change Component Footprint: Designator=MH2 Old Footprint=VA-2.2 New Footprint=VAEC-2.2
Change Component Footprint: Designator=MH3 Old Footprint=VA-2.2 New Footprint=VAEC-2.2
Change Component Footprint: Designator=MH4 Old Footprint=VA-2.2 New Footprint=VAEC-2.2
Change Component Comment : Designator=R7 Old Comment=0 New Comment=4.7K
Change Component Comment : Designator=BC2 Old Comment=0.1uF New Comment=1uF
Change Component Comment : Designator=BC5 Old Comment=0.1uF New Comment=1uF
Change Component Comment : Designator=C1 Old Comment=0.1uF New Comment=1uF
Change Component Comment : Designator=C8 Old Comment=0.1uF New Comment=1uF
Change Component Comment : Designator=C9 Old Comment=0.1uF New Comment=1uF
Change Component Comment : Designator=BC1 Old Comment=0.1uF New Comment=22uF
Change Component Comment : Designator=C2 Old Comment=1nF/NI New Comment=4.7uF-25V-3216
Change Component Comment : Designator=BC3 Old Comment=1uF New Comment=0.1uF
Change Component Comment : Designator=R1 Old Comment=2.2K New Comment=45.3K
Change Component Comment : Designator=R2 Old Comment=2.2K New Comment=80.6K
Change Component Comment : Designator=C10 Old Comment=3.3nF New Comment=0.1uF
Change Component Comment : Designator=R8 Old Comment=4.7K New Comment=0
Change Component Comment : Designator=R10 Old Comment=4.7K New Comment=22
Change Component Comment : Designator=R6 Old Comment=10K New Comment=0
Change Component Comment : Designator=R5 Old Comment=10K New Comment=1, 1%
Change Component Comment : Designator=R4 Old Comment=10K New Comment=22
Change Component Comment : Designator=C3 Old Comment=10nF New Comment=220nF
Change Component Comment : Designator=BC6 Old Comment=10uF New Comment=0.1uF
Change Component Comment : Designator=BC7 Old Comment=10uF New Comment=1uF
Change Component Comment : Designator=C6 Old Comment=22pF New Comment=10nF
Change Component Comment : Designator=C7 Old Comment=22uF-6.3V New Comment=1uF
Change Component Comment : Designator=C4 Old Comment=22uF-6.3V New Comment=10nF
Change Component Comment : Designator=C5 Old Comment=22uF-6.3V New Comment=10nF
Change Component Comment : Designator=R15 Old Comment=33.3K, 1% New Comment=10K
Change Component Comment : Designator=R12 Old Comment=45K, 1% New Comment=10K//NI
Change Component Comment : Designator=R11 Old Comment=100K New Comment=10K//NI
Change Component Comment : Designator=R13 Old Comment=150K, 1% New Comment=10K//NI
Change Component Comment : Designator=FB1 Old Comment=220R New Comment=60
Change Component Comment : Designator=FB2 Old Comment=220R New Comment=60
Change Component Comment : Designator=FB3 Old Comment=220R New Comment=60
Change Component Comment : Designator=FB4 Old Comment=220R New Comment=220R//NI
Change Component Comment : Designator=J3 Old Comment=12505WR-08 New Comment=Lens Holder
Change Component Comment : Designator=U1 Old Comment=AME5253-AEVADJ New Comment=DRV8832DGQ
Change Component Comment : Designator=L1 Old Comment=CDRH5D18NP-100NC-10uH New Comment=10uH
Change Component Comment : Designator=J2 Old Comment=LB208-G100P-BOR New Comment=05003HR-H34E
Change Component Comment : Designator=J1 Old Comment=LB222-G100S-BOR New Comment=12505WR-2P
Change Component Comment : Designator=U4 Old Comment=YT8521SH New Comment=SGM2036-1.8YN5G/TR
Added Component: Designator=D1(PowerDI123)
Added Component: Designator=R14(RS-1005)
Added Component: Designator=TP5(TP_0.8_SMD)
Added Component: Designator=TP6(TP_0.8_SMD)
Added Component: Designator=U2(SOT23-6)
Added Component: Designator=U3(SOT-23-5P)
Added Component: Designator=U5(SOT-23-5P)
Added Component: Designator=U6(IMX219-PLCC32)
Added Pin To Net: NetName=2V8 Pin=BC1-1
Added Pin To Net: NetName=DVDD33 Pin=BC1-2
Added Pin To Net: NetName=DVDD33 Pin=BC2-1
Added Pin To Net: NetName=2V8 Pin=BC2-2
Added Pin To Net: NetName=DVDD33 Pin=BC3-1
Added Pin To Net: NetName=GND Pin=BC3-2
Added Pin To Net: NetName=1V2 Pin=BC5-2
Added Pin To Net: NetName=DVDD33 Pin=BC7-1
Added Pin To Net: NetName=1V8 Pin=BC7-2
Added Pin To Net: NetName=DVDD33 Pin=C1-2
Added Pin To Net: NetName=IR_ANODE Pin=C2-1
Added Pin To Net: NetName=DVDD33 Pin=C2-2
Added Pin To Net: NetName=DVDD33 Pin=C3-1
Added Pin To Net: NetName=DVDD33 Pin=C4-1
Added Pin To Net: NetName=DVDD33 Pin=C5-1
Added Pin To Net: NetName=DVDD33 Pin=C6-1
Added Pin To Net: NetName=DVDD33 Pin=C7-1
Added Pin To Net: NetName=2V8 Pin=C7-2
Added Pin To Net: NetName=DVDD33 Pin=C8-1
Added Pin To Net: NetName=1V8 Pin=C8-2
Added Pin To Net: NetName=DVDD33 Pin=C9-1
Added Pin To Net: NetName=1V2 Pin=C9-2
Added Pin To Net: NetName=N21823039 Pin=C10-1
Added Pin To Net: NetName=DVDD33 Pin=C10-2
Added Pin To Net: NetName=IR_ANODE Pin=D1-2
Added Pin To Net: NetName=GND Pin=FB1-2
Added Pin To Net: NetName=N21846940 Pin=FB4-1
Added Pin To Net: NetName=2V8 Pin=FB4-2
Added Pin To Net: NetName=DVDD33 Pin=J1-3
Added Pin To Net: NetName=DVDD33 Pin=J1-4
Added Pin To Net: NetName=GND Pin=J2-2
Added Pin To Net: NetName=GND Pin=J2-3
Added Pin To Net: NetName=DVDD33 Pin=J2-5
Added Pin To Net: NetName=MIPI_CSI_I2C_SDA Pin=J2-6
Added Pin To Net: NetName=MIPI_CSI_I2C_SCL Pin=J2-7
Added Pin To Net: NetName=DVDD33 Pin=J2-8
Added Pin To Net: NetName=MIPI_CSI_D0_N Pin=J2-9
Added Pin To Net: NetName=MIPI_CSI_D0_P Pin=J2-10
Added Pin To Net: NetName=DVDD33 Pin=J2-11
Added Pin To Net: NetName=MIPI_CSI_CLK0_DN Pin=J2-12
Added Pin To Net: NetName=MIPI_CSI_CLK0_DP Pin=J2-13
Added Pin To Net: NetName=DVDD33 Pin=J2-14
Added Pin To Net: NetName=MIPI_CSI_D1_N Pin=J2-15
Added Pin To Net: NetName=MIPI_CSI_D1_P Pin=J2-16
Added Pin To Net: NetName=DVDD33 Pin=J2-17
Added Pin To Net: NetName=DVP_D0 Pin=J2-18
Added Pin To Net: NetName=DVP_D1 Pin=J2-19
Added Pin To Net: NetName=DVDD33 Pin=J2-20
Added Pin To Net: NetName=MIPI_CSI_D2_N Pin=J2-21
Added Pin To Net: NetName=MIPI_CSI_D2_P Pin=J2-22
Added Pin To Net: NetName=DVDD33 Pin=J2-23
Added Pin To Net: NetName=MIPI_CSI_CLK1_DN Pin=J2-24
Added Pin To Net: NetName=MIPI_CSI_CLK1_DP Pin=J2-25
Added Pin To Net: NetName=DVDD33 Pin=J2-26
Added Pin To Net: NetName=MIPI_CSI_D3_N Pin=J2-27
Added Pin To Net: NetName=MIPI_CSI_D3_P Pin=J2-28
Added Pin To Net: NetName=DVDD33 Pin=J2-29
Added Pin To Net: NetName=DVDD33 Pin=J2-32
Added Pin To Net: NetName=DRIVE_WS2812_3V3 Pin=J2-33
Added Pin To Net: NetName=DVDD33 Pin=J3-1
Added Pin To Net: NetName=DVDD33 Pin=J3-2
Added Pin To Net: NetName=GND Pin=L1-2
Added Pin To Net: NetName=DVDD33 Pin=MH1-1
Added Pin To Net: NetName=DVDD33 Pin=MH2-1
Added Pin To Net: NetName=DVDD33 Pin=MH3-1
Added Pin To Net: NetName=DVDD33 Pin=MH4-1
Added Pin To Net: NetName=DVDD33 Pin=OSC1-2
Added Pin To Net: NetName=DVDD33 Pin=R2-1
Added Pin To Net: NetName=DRIVE_WS2812_3V3 Pin=R3-1
Added Pin To Net: NetName=GND Pin=R3-2
Added Pin To Net: NetName=DRIVE_WS2812_3V3 Pin=R4-2
Added Pin To Net: NetName=IR_CATHODE Pin=R5-1
Added Pin To Net: NetName=DVDD33 Pin=R5-2
Added Pin To Net: NetName=MIPI_CSI_I2C_SCL Pin=R6-1
Added Pin To Net: NetName=DVP_D0 Pin=R6-2
Added Pin To Net: NetName=1V8 Pin=R7-1
Added Pin To Net: NetName=MIPI_CSI_I2C_SDA Pin=R7-2
Added Pin To Net: NetName=MIPI_CSI_I2C_SDA Pin=R8-1
Added Pin To Net: NetName=DVP_D1 Pin=R8-2
Added Pin To Net: NetName=1V8 Pin=R9-1
Added Pin To Net: NetName=MIPI_CSI_I2C_SCL Pin=R9-2
Added Pin To Net: NetName=N21776461 Pin=R10-1
Added Pin To Net: NetName=MCLK Pin=R10-2
Added Pin To Net: NetName=N21847468 Pin=R11-1
Added Pin To Net: NetName=DVDD33 Pin=R11-2
Added Pin To Net: NetName=N21847471 Pin=R12-1
Added Pin To Net: NetName=DVDD33 Pin=R12-2
Added Pin To Net: NetName=N21847474 Pin=R13-1
Added Pin To Net: NetName=DVDD33 Pin=R13-2
Added Pin To Net: NetName=N21823039 Pin=R14-1
Added Pin To Net: NetName=1V8 Pin=R14-2
Added Pin To Net: NetName=2V8 Pin=R15-1
Added Pin To Net: NetName=N21847187 Pin=R15-2
Added Pin To Net: NetName=MIPI_CSI_CLK1_DN Pin=TP1-1
Added Pin To Net: NetName=MIPI_CSI_CLK1_DP Pin=TP2-1
Added Pin To Net: NetName=MIPI_CSI_D2_N Pin=TP3-1
Added Pin To Net: NetName=MIPI_CSI_D2_P Pin=TP4-1
Added Pin To Net: NetName=MIPI_CSI_D3_N Pin=TP5-1
Added Pin To Net: NetName=MIPI_CSI_D3_P Pin=TP6-1
Added Pin To Net: NetName=DVDD33 Pin=U1-2
Added Pin To Net: NetName=DVDD33 Pin=U1-5
Added Pin To Net: NetName=DVDD33 Pin=U1-11
Added Pin To Net: NetName=GND Pin=U2-1
Added Pin To Net: NetName=DVDD33 Pin=U2-4
Added Pin To Net: NetName=IR_CATHODE Pin=U2-6
Added Pin To Net: NetName=GND Pin=U3-1
Added Pin To Net: NetName=DVDD33 Pin=U3-2
Added Pin To Net: NetName=GND Pin=U3-3
Added Pin To Net: NetName=2V8 Pin=U3-5
Added Pin To Net: NetName=GND Pin=U4-1
Added Pin To Net: NetName=DVDD33 Pin=U4-2
Added Pin To Net: NetName=GND Pin=U4-3
Added Pin To Net: NetName=1V8 Pin=U4-5
Added Pin To Net: NetName=GND Pin=U5-1
Added Pin To Net: NetName=DVDD33 Pin=U5-2
Added Pin To Net: NetName=GND Pin=U5-3
Added Pin To Net: NetName=1V2 Pin=U5-5
Added Pin To Net: NetName=DVDD33 Pin=U6-1
Added Pin To Net: NetName=1V8 Pin=U6-2
Added Pin To Net: NetName=DVDD33 Pin=U6-3
Added Pin To Net: NetName=1V2 Pin=U6-4
Added Pin To Net: NetName=MIPI_CSI_D0_N Pin=U6-5
Added Pin To Net: NetName=MIPI_CSI_D0_P Pin=U6-6
Added Pin To Net: NetName=DVDD33 Pin=U6-7
Added Pin To Net: NetName=MIPI_CSI_D1_N Pin=U6-8
Added Pin To Net: NetName=MIPI_CSI_D1_P Pin=U6-9
Added Pin To Net: NetName=DVDD33 Pin=U6-10
Added Pin To Net: NetName=MIPI_CSI_CLK0_DN Pin=U6-11
Added Pin To Net: NetName=MIPI_CSI_CLK0_DP Pin=U6-12
Added Pin To Net: NetName=DVDD33 Pin=U6-15
Added Pin To Net: NetName=DVDD33 Pin=U6-18
Added Pin To Net: NetName=DVDD33 Pin=U6-19
Added Pin To Net: NetName=N21846940 Pin=U6-20
Added Pin To Net: NetName=MIPI_CSI_I2C_SDA Pin=U6-21
Added Pin To Net: NetName=MIPI_CSI_I2C_SCL Pin=U6-22
Added Pin To Net: NetName=N21847474 Pin=U6-23
Added Pin To Net: NetName=N21847187 Pin=U6-24
Added Pin To Net: NetName=DVDD33 Pin=U6-25
Added Pin To Net: NetName=2V8 Pin=U6-26
Added Pin To Net: NetName=DVDD33 Pin=U6-27
Added Pin To Net: NetName=N21823039 Pin=U6-28
Added Pin To Net: NetName=N21847471 Pin=U6-29
Added Pin To Net: NetName=N21847468 Pin=U6-30
Added Pin To Net: NetName=DVDD33 Pin=U6-31
Added Pin To Net: NetName=MCLK Pin=U6-32
Change Net Name : Old Net Name=DVDD33 New Net Name=GND
Change Net Name : Old Net Name=GND New Net Name=+3.3V
Change Net Name : Old Net Name=N21823647 New Net Name=N21858696
Change Net Name : Old Net Name=N21823649 New Net Name=N21858698
Change Net Name : Old Net Name=N21823677 New Net Name=N21858700
Added Pin To Net: NetName=N21856873 Pin=FB1-1
Added Pin To Net: NetName=N21856873 Pin=U1-4
Added Net: Name=N21856873
Added Pin To Net: NetName=N21856915 Pin=FB2-1
Added Pin To Net: NetName=N21856915 Pin=U1-3
Added Net: Name=N21856915
Added Pin To Net: NetName=N21856926 Pin=FB2-2
Added Pin To Net: NetName=N21856926 Pin=J1-1
Added Net: Name=N21856926
Added Pin To Net: NetName=N21856928 Pin=FB3-1
Added Pin To Net: NetName=N21856928 Pin=U1-1
Added Net: Name=N21856928
Added Pin To Net: NetName=N21856930 Pin=FB3-2
Added Pin To Net: NetName=N21856930 Pin=J1-2
Added Net: Name=N21856930
Added Pin To Net: NetName=N21856958 Pin=R1-1
Added Pin To Net: NetName=N21856958 Pin=R2-2
Added Pin To Net: NetName=N21856958 Pin=U1-7
Added Net: Name=N21856958
Added Pin To Net: NetName=N21856962 Pin=R1-2
Added Pin To Net: NetName=N21856962 Pin=U1-8
Added Net: Name=N21856962
Added Pin To Net: NetName=N21857843 Pin=C4-2
Added Pin To Net: NetName=N21857843 Pin=U3-4
Added Net: Name=N21857843
Added Pin To Net: NetName=N21857976 Pin=C6-2
Added Pin To Net: NetName=N21857976 Pin=U5-4
Added Net: Name=N21857976
Added Pin To Net: NetName=N21858768 Pin=D1-1
Added Pin To Net: NetName=N21858768 Pin=L1-1
Added Pin To Net: NetName=N21858768 Pin=U2-3
Added Net: Name=N21858768
Added Pin To Net: NetName=N21858830 Pin=R4-1
Added Pin To Net: NetName=N21858830 Pin=U2-2
Added Net: Name=N21858830
Added Pin To Net: NetName=N21858841 Pin=C3-2
Added Pin To Net: NetName=N21858841 Pin=U2-5
Added Net: Name=N21858841
Added Pin To Net: NetName=N21860037 Pin=C5-2
Added Pin To Net: NetName=N21860037 Pin=U4-4
Added Net: Name=N21860037
Added Pin To Net: NetName=TDN_OUT1 Pin=J2-30
Added Pin To Net: NetName=TDN_OUT1 Pin=U1-9
Added Net: Name=TDN_OUT1
Added Pin To Net: NetName=TDN_OUT2 Pin=J2-31
Added Pin To Net: NetName=TDN_OUT2 Pin=U1-10
Added Net: Name=TDN_OUT2
